<?xml version="1.0" encoding="UTF-8"?>
<!-- Generated by org.testng.reporters.JUnitXMLReporter -->
<testsuite ignored="0" hostname="LTIN391158" failures="0" tests="3"
	name="Surefire test" time="50.272" errors="0"
	timestamp="2024-05-31T18:55:33 IST">
	<testcase classname="com.crm.qa.testcases.LoginPageTest"
		name="loginPageTitleTest" time="0.015" />
	<testcase classname="com.crm.qa.testcases.LoginPageTest"
		name="crmLogoImageTest" time="0.05" />
	<testcase classname="com.crm.qa.testcases.LoginPageTest" name="loginTest"
		time="5.876" />
</testsuite> <!-- Surefire test -->
