<?xml version="1.0" encoding="UTF-8"?>
<testng-results ignored="0" total="3" passed="3" failed="0" skipped="0">
	<reporter-output>
	</reporter-output>
	<suite started-at="2024-05-31T18:54:42 IST" name="Surefire suite"
		finished-at="2024-05-31T18:55:33 IST" duration-ms="50272">
		<groups>
		</groups>
		<test started-at="2024-05-31T18:54:42 IST" name="Surefire test"
			finished-at="2024-05-31T18:55:33 IST" duration-ms="50272">
			<class name="com.crm.qa.testcases.LoginPageTest">
				<test-method is-config="true"
					signature="setUp()[pri:0, instance:com.crm.qa.testcases.LoginPageTest@1d730606]"
					started-at="2024-05-31T18:54:42 IST" name="setUp"
					finished-at="2024-05-31T18:54:59 IST" duration-ms="16079"
					status="PASS">
					<reporter-output>
					</reporter-output>
				</test-method> <!--
				setUp -->
				<test-method
					signature="loginPageTitleTest()[pri:1, instance:com.crm.qa.testcases.LoginPageTest@1d730606]"
					started-at="2024-05-31T18:54:59 IST"
					name="loginPageTitleTest"
					finished-at="2024-05-31T18:54:59 IST" duration-ms="15"
					status="PASS">
					<reporter-output>
					</reporter-output>
				</test-method> <!--
				loginPageTitleTest -->
				<test-method is-config="true"
					signature="tearDown()[pri:0, instance:com.crm.qa.testcases.LoginPageTest@1d730606]"
					started-at="2024-05-31T18:54:59 IST" name="tearDown"
					finished-at="2024-05-31T18:55:02 IST" duration-ms="3201"
					status="PASS">
					<reporter-output>
					</reporter-output>
				</test-method> <!--
				tearDown -->
				<test-method is-config="true"
					signature="setUp()[pri:0, instance:com.crm.qa.testcases.LoginPageTest@1d730606]"
					started-at="2024-05-31T18:55:02 IST" name="setUp"
					finished-at="2024-05-31T18:55:11 IST" duration-ms="8977"
					status="PASS">
					<reporter-output>
					</reporter-output>
				</test-method> <!--
				setUp -->
				<test-method
					signature="crmLogoImageTest()[pri:2, instance:com.crm.qa.testcases.LoginPageTest@1d730606]"
					started-at="2024-05-31T18:55:11 IST" name="crmLogoImageTest"
					finished-at="2024-05-31T18:55:11 IST" duration-ms="50"
					status="PASS">
					<reporter-output>
					</reporter-output>
				</test-method> <!--
				crmLogoImageTest -->
				<test-method is-config="true"
					signature="tearDown()[pri:0, instance:com.crm.qa.testcases.LoginPageTest@1d730606]"
					started-at="2024-05-31T18:55:11 IST" name="tearDown"
					finished-at="2024-05-31T18:55:14 IST" duration-ms="3008"
					status="PASS">
					<reporter-output>
					</reporter-output>
				</test-method> <!--
				tearDown -->
				<test-method is-config="true"
					signature="setUp()[pri:0, instance:com.crm.qa.testcases.LoginPageTest@1d730606]"
					started-at="2024-05-31T18:55:14 IST" name="setUp"
					finished-at="2024-05-31T18:55:23 IST" duration-ms="9663"
					status="PASS">
					<reporter-output>
					</reporter-output>
				</test-method> <!--
				setUp -->
				<test-method
					signature="loginTest()[pri:3, instance:com.crm.qa.testcases.LoginPageTest@1d730606]"
					started-at="2024-05-31T18:55:23 IST" name="loginTest"
					finished-at="2024-05-31T18:55:29 IST" duration-ms="5876"
					status="PASS">
					<reporter-output>
					</reporter-output>
				</test-method> <!--
				loginTest -->
				<test-method is-config="true"
					signature="tearDown()[pri:0, instance:com.crm.qa.testcases.LoginPageTest@1d730606]"
					started-at="2024-05-31T18:55:29 IST" name="tearDown"
					finished-at="2024-05-31T18:55:33 IST" duration-ms="3343"
					status="PASS">
					<reporter-output>
					</reporter-output>
				</test-method> <!--
				tearDown -->
			</class> <!--
			com.crm.qa.testcases.LoginPageTest -->
		</test> <!--
		Surefire test -->
	</suite> <!--
	Surefire suite -->
</testng-results>
