<?xml version="1.0" encoding="UTF-8"?>
<!-- Generated by org.testng.reporters.JUnitXMLReporter -->
<testsuite ignored="0" hostname="LTIN391158" failures="0" tests="12" name="Free CRM App Test Cases" time="260.702" errors="0" timestamp="2024-06-13T14:17:35 IST">
  <testcase classname="com.crm.qa.testcases.LoginPageTest" name="loginPageTitleTest" time="0.016"/>
  <testcase classname="com.crm.qa.testcases.LoginPageTest" name="crmLogoImageTest" time="0.038"/>
  <testcase classname="com.crm.qa.testcases.LoginPageTest" name="loginTest" time="5.698"/>
  <testcase classname="com.crm.qa.testcases.HomePageTest" name="verifyHomePageTitleTest" time="0.011"/>
  <testcase classname="com.crm.qa.testcases.HomePageTest" name="verifyUserNameTest" time="2.307"/>
  <testcase classname="com.crm.qa.testcases.HomePageTest" name="verfiyContactsLink" time="2.57"/>
  <testcase classname="com.crm.qa.testcases.ContactsPageTest" name="verifyContactsLableTest" time="0.041"/>
  <testcase classname="com.crm.qa.testcases.ContactsPageTest" name="clickOnShowFilterTest" time="0.088"/>
  <testcase classname="com.crm.qa.testcases.ContactsPageTest" name="clickOnCreateTest" time="1.339"/>
  <testcase classname="com.crm.qa.testcases.ContactsPageTest" name="clickOnCreateTest" time="1.362"/>
  <testcase classname="com.crm.qa.testcases.ContactsPageTest" name="clickOnCreateTest" time="1.728"/>
  <testcase classname="com.crm.qa.testcases.ContactsPageTest" name="clickOnCreateTest" time="1.611"/>
</testsuite> <!-- Free CRM App Test Cases -->
