<?xml version="1.0" encoding="UTF-8"?>
<!-- Generated by org.testng.reporters.JUnitXMLReporter -->
<testsuite ignored="0" hostname="LTIN391158" failures="0" tests="9" name="Free CRM Test" time="200.642" errors="0" timestamp="2024-06-12T13:55:25 IST">
  <testcase classname="com.crm.qa.testcases.LoginPageTest" name="loginPageTitleTest" time="0.018"/>
  <testcase classname="com.crm.qa.testcases.LoginPageTest" name="crmLogoImageTest" time="0.053"/>
  <testcase classname="com.crm.qa.testcases.LoginPageTest" name="loginTest" time="5.794"/>
  <testcase classname="com.crm.qa.testcases.HomePageTest" name="verifyHomePageTitleTest" time="0.007"/>
  <testcase classname="com.crm.qa.testcases.HomePageTest" name="verifyUserNameTest" time="2.404"/>
  <testcase classname="com.crm.qa.testcases.HomePageTest" name="verfiyContactsLink" time="2.466"/>
  <testcase classname="com.crm.qa.testcases.ContactsPageTest" name="verifyContactsLableTest" time="0.203"/>
  <testcase classname="com.crm.qa.testcases.ContactsPageTest" name="clickOnShowFilterTest" time="0.099"/>
  <testcase classname="com.crm.qa.testcases.ContactsPageTest" name="clickOnCreateTest" time="1.202"/>
</testsuite> <!-- Free CRM Test -->
